# JRE version: OpenJDK Runtime Environment Temurin-17.0.8.1+1 (17.0.8.1+1) (build 17.0.8.1+1)
# Java VM: OpenJDK 64-Bit Server VM Temurin-17.0.8.1+1 (17.0.8.1+1, mixed mode, emulated-client, tiered, compressed oops, compressed class ptrs, g1 gc, windows-amd64)
GC Precious Log:
 CPUs: 12 total, 12 available
 Memory: 14188M
 Large Page Support: Disabled
 NUMA Support: Disabled
 Compressed Oops: Enabled (Zero based)
 Heap Region Size: 2M
 Heap Min Capacity: 8M
 Heap Initial Capacity: 222M
 Heap Max Capacity: 3548M
 Pre-touch: Disabled
 Parallel Workers: 10
 Concurrent Workers: 3
 Concurrent Refinement Workers: 10
 Periodic GC: Disabled
Heap:
 garbage-first heap   total 606208K, used 140478K [0x0000000722400000, 0x0000000800000000)
  region size 2048K, 3 young (6144K), 3 survivors (6144K)
 Metaspace       used 110968K, committed 111936K, reserved 1179648K
  class space    used 15043K, committed 15488K, reserved 1048576K
GC Heap History (20 events):
Event: 28553.209 GC heap after
{Heap after GC invocations=109 (full 1):
 garbage-first heap   total 294912K, used 104206K [0x0000000722400000, 0x0000000800000000)
  region size 2048K, 1 young (2048K), 1 survivors (2048K)
 Metaspace       used 106923K, committed 107776K, reserved 1179648K
  class space    used 14680K, committed 15104K, reserved 1048576K
}
Event: 28576.887 GC heap before
{Heap before GC invocations=109 (full 1):
 garbage-first heap   total 294912K, used 243470K [0x0000000722400000, 0x0000000800000000)
  region size 2048K, 69 young (141312K), 1 survivors (2048K)
 Metaspace       used 107418K, committed 108224K, reserved 1179648K
  class space    used 14720K, committed 15104K, reserved 1048576K
}
Event: 28576.890 GC heap after
{Heap after GC invocations=110 (full 1):
 garbage-first heap   total 606208K, used 106560K [0x0000000722400000, 0x0000000800000000)
  region size 2048K, 2 young (4096K), 2 survivors (4096K)
 Metaspace       used 107418K, committed 108224K, reserved 1179648K
  class space    used 14720K, committed 15104K, reserved 1048576K
}
Event: 28596.682 GC heap before
{Heap before GC invocations=111 (full 1):
 garbage-first heap   total 368640K, used 321600K [0x0000000722400000, 0x0000000800000000)
  region size 2048K, 108 young (221184K), 2 survivors (4096K)
 Metaspace       used 108172K, committed 109056K, reserved 1179648K
  class space    used 14795K, committed 15232K, reserved 1048576K
}
Event: 28596.688 GC heap after
{Heap after GC invocations=112 (full 1):
 garbage-first heap   total 368640K, used 115652K [0x0000000722400000, 0x0000000800000000)
  region size 2048K, 7 young (14336K), 7 survivors (14336K)
 Metaspace       used 108172K, committed 109056K, reserved 1179648K
  class space    used 14795K, committed 15232K, reserved 1048576K
}
Event: 28596.703 GC heap before
{Heap before GC invocations=112 (full 1):
 garbage-first heap   total 368640K, used 119748K [0x0000000722400000, 0x0000000800000000)
  region size 2048K, 9 young (18432K), 7 survivors (14336K)
 Metaspace       used 108199K, committed 109056K, reserved 1179648K
  class space    used 14796K, committed 15232K, reserved 1048576K
}
Event: 28596.708 GC heap after
{Heap after GC invocations=113 (full 1):
 garbage-first heap   total 368640K, used 115478K [0x0000000722400000, 0x0000000800000000)
  region size 2048K, 1 young (2048K), 1 survivors (2048K)
 Metaspace       used 108199K, committed 109056K, reserved 1179648K
  class space    used 14796K, committed 15232K, reserved 1048576K
}
Event: 28608.185 GC heap before
{Heap before GC invocations=113 (full 1):
 garbage-first heap   total 368640K, used 307990K [0x0000000722400000, 0x0000000800000000)
  region size 2048K, 95 young (194560K), 1 survivors (2048K)
 Metaspace       used 108822K, committed 109696K, reserved 1179648K
  class space    used 14855K, committed 15296K, reserved 1048576K
}
Event: 28608.190 GC heap after
{Heap after GC invocations=114 (full 1):
 garbage-first heap   total 368640K, used 122668K [0x0000000722400000, 0x0000000800000000)
  region size 2048K, 5 young (10240K), 5 survivors (10240K)
 Metaspace       used 108822K, committed 109696K, reserved 1179648K
  class space    used 14855K, committed 15296K, reserved 1048576K
}
Event: 28612.716 GC heap before
{Heap before GC invocations=115 (full 1):
 garbage-first heap   total 368640K, used 304940K [0x0000000722400000, 0x0000000800000000)
  region size 2048K, 94 young (192512K), 5 survivors (10240K)
 Metaspace       used 109388K, committed 110336K, reserved 1179648K
  class space    used 14904K, committed 15360K, reserved 1048576K
}
Event: 28612.722 GC heap after
{Heap after GC invocations=116 (full 1):
 garbage-first heap   total 368640K, used 127766K [0x0000000722400000, 0x0000000800000000)
  region size 2048K, 7 young (14336K), 7 survivors (14336K)
 Metaspace       used 109388K, committed 110336K, reserved 1179648K
  class space    used 14904K, committed 15360K, reserved 1048576K
}
Event: 28612.744 GC heap before
{Heap before GC invocations=116 (full 1):
 garbage-first heap   total 368640K, used 131862K [0x0000000722400000, 0x0000000800000000)
  region size 2048K, 9 young (18432K), 7 survivors (14336K)
 Metaspace       used 109388K, committed 110336K, reserved 1179648K
  class space    used 14904K, committed 15360K, reserved 1048576K
}
Event: 28612.749 GC heap after
{Heap after GC invocations=117 (full 1):
 garbage-first heap   total 368640K, used 127292K [0x0000000722400000, 0x0000000800000000)
  region size 2048K, 2 young (4096K), 2 survivors (4096K)
 Metaspace       used 109388K, committed 110336K, reserved 1179648K
  class space    used 14904K, committed 15360K, reserved 1048576K
}
Event: 28633.120 GC heap before
{Heap before GC invocations=117 (full 1):
 garbage-first heap   total 368640K, used 305468K [0x0000000722400000, 0x0000000800000000)
  region size 2048K, 89 young (182272K), 2 survivors (4096K)
 Metaspace       used 109983K, committed 110912K, reserved 1179648K
  class space    used 14956K, committed 15424K, reserved 1048576K
}
Event: 28633.123 GC heap after
{Heap after GC invocations=118 (full 1):
 garbage-first heap   total 368640K, used 132826K [0x0000000722400000, 0x0000000800000000)
  region size 2048K, 4 young (8192K), 4 survivors (8192K)
 Metaspace       used 109983K, committed 110912K, reserved 1179648K
  class space    used 14956K, committed 15424K, reserved 1048576K
}
Event: 28634.391 GC heap before
{Heap before GC invocations=119 (full 1):
 garbage-first heap   total 368640K, used 306906K [0x0000000722400000, 0x0000000800000000)
  region size 2048K, 89 young (182272K), 4 survivors (8192K)
 Metaspace       used 110606K, committed 111488K, reserved 1179648K
  class space    used 15007K, committed 15424K, reserved 1048576K
}
Event: 28634.396 GC heap after
{Heap after GC invocations=120 (full 1):
 garbage-first heap   total 368640K, used 138832K [0x0000000722400000, 0x0000000800000000)
  region size 2048K, 7 young (14336K), 7 survivors (14336K)
 Metaspace       used 110606K, committed 111488K, reserved 1179648K
  class space    used 15007K, committed 15424K, reserved 1048576K
}
Event: 28634.407 GC heap before
{Heap before GC invocations=120 (full 1):
 garbage-first heap   total 368640K, used 142928K [0x0000000722400000, 0x0000000800000000)
  region size 2048K, 9 young (18432K), 7 survivors (14336K)
 Metaspace       used 110635K, committed 111616K, reserved 1179648K
  class space    used 15010K, committed 15488K, reserved 1048576K
}
Event: 28634.413 GC heap after
{Heap after GC invocations=121 (full 1):
 garbage-first heap   total 368640K, used 137518K [0x0000000722400000, 0x0000000800000000)
  region size 2048K, 1 young (2048K), 1 survivors (2048K)
 Metaspace       used 110635K, committed 111616K, reserved 1179648K
  class space    used 15010K, committed 15488K, reserved 1048576K
}
Event: 28695.024 GC heap before
{Heap before GC invocations=121 (full 1):
 garbage-first heap   total 368640K, used 307502K [0x0000000722400000, 0x0000000800000000)
  region size 2048K, 84 young (172032K), 1 survivors (2048K)
 Metaspace       used 110968K, committed 111936K, reserved 1179648K
  class space    used 15043K, committed 15488K, reserved 1048576K
}

