# JRE version: OpenJDK Runtime Environment Temurin-17.0.8.1+1 (17.0.8.1+1) (build 17.0.8.1+1)
# Java VM: OpenJDK 64-Bit Server VM Temurin-17.0.8.1+1 (17.0.8.1+1, mixed mode, emulated-client, tiered, compressed oops, compressed class ptrs, g1 gc, windows-amd64)
GC Precious Log:
 CPUs: 12 total, 12 available
 Memory: 14188M
 Large Page Support: Disabled
 NUMA Support: Disabled
 Compressed Oops: Enabled (Zero based)
 Heap Region Size: 2M
 Heap Min Capacity: 8M
 Heap Initial Capacity: 222M
 Heap Max Capacity: 3548M
 Pre-touch: Disabled
 Parallel Workers: 10
 Concurrent Workers: 3
 Concurrent Refinement Workers: 10
 Periodic GC: Disabled
Heap:
 garbage-first heap   total 274432K, used 136130K [0x0000000722400000, 0x0000000800000000)
  region size 2048K, 4 young (8192K), 4 survivors (8192K)
 Metaspace       used 125150K, committed 126208K, reserved 1179648K
  class space    used 16347K, committed 16832K, reserved 1048576K
GC Heap History (20 events):
Event: 3222.294 GC heap after
{Heap after GC invocations=200 (full 11):
 garbage-first heap   total 268288K, used 118096K [0x0000000722400000, 0x0000000800000000)
  region size 2048K, 4 young (8192K), 4 survivors (8192K)
 Metaspace       used 122380K, committed 123392K, reserved 1179648K
  class space    used 16113K, committed 16576K, reserved 1048576K
}
Event: 3235.973 GC heap before
{Heap before GC invocations=201 (full 11):
 garbage-first heap   total 268288K, used 220496K [0x0000000722400000, 0x0000000800000000)
  region size 2048K, 54 young (110592K), 4 survivors (8192K)
 Metaspace       used 122800K, committed 123776K, reserved 1179648K
  class space    used 16142K, committed 16576K, reserved 1048576K
}
Event: 3235.978 GC heap after
{Heap after GC invocations=202 (full 11):
 garbage-first heap   total 268288K, used 120586K [0x0000000722400000, 0x0000000800000000)
  region size 2048K, 5 young (10240K), 5 survivors (10240K)
 Metaspace       used 122800K, committed 123776K, reserved 1179648K
  class space    used 16142K, committed 16576K, reserved 1048576K
}
Event: 3236.567 GC heap before
{Heap before GC invocations=202 (full 11):
 garbage-first heap   total 268288K, used 218890K [0x0000000722400000, 0x0000000800000000)
  region size 2048K, 54 young (110592K), 5 survivors (10240K)
 Metaspace       used 123397K, committed 124416K, reserved 1179648K
  class space    used 16199K, committed 16640K, reserved 1048576K
}
Event: 3236.574 GC heap after
{Heap after GC invocations=203 (full 11):
 garbage-first heap   total 268288K, used 125933K [0x0000000722400000, 0x0000000800000000)
  region size 2048K, 6 young (12288K), 6 survivors (12288K)
 Metaspace       used 123397K, committed 124416K, reserved 1179648K
  class space    used 16199K, committed 16640K, reserved 1048576K
}
Event: 3237.881 GC heap before
{Heap before GC invocations=204 (full 11):
 garbage-first heap   total 268288K, used 220141K [0x0000000722400000, 0x0000000800000000)
  region size 2048K, 52 young (106496K), 6 survivors (12288K)
 Metaspace       used 123756K, committed 124800K, reserved 1179648K
  class space    used 16233K, committed 16704K, reserved 1048576K
}
Event: 3237.887 GC heap after
{Heap after GC invocations=205 (full 11):
 garbage-first heap   total 268288K, used 129964K [0x0000000722400000, 0x0000000800000000)
  region size 2048K, 5 young (10240K), 5 survivors (10240K)
 Metaspace       used 123756K, committed 124800K, reserved 1179648K
  class space    used 16233K, committed 16704K, reserved 1048576K
}
Event: 3238.099 GC heap before
{Heap before GC invocations=205 (full 11):
 garbage-first heap   total 268288K, used 220076K [0x0000000722400000, 0x0000000800000000)
  region size 2048K, 49 young (100352K), 5 survivors (10240K)
 Metaspace       used 123900K, committed 124928K, reserved 1179648K
  class space    used 16242K, committed 16704K, reserved 1048576K
}
Event: 3238.103 GC heap after
{Heap after GC invocations=206 (full 11):
 garbage-first heap   total 268288K, used 131313K [0x0000000722400000, 0x0000000800000000)
  region size 2048K, 4 young (8192K), 4 survivors (8192K)
 Metaspace       used 123900K, committed 124928K, reserved 1179648K
  class space    used 16242K, committed 16704K, reserved 1048576K
}
Event: 3238.421 GC heap before
{Heap before GC invocations=207 (full 11):
 garbage-first heap   total 274432K, used 221425K [0x0000000722400000, 0x0000000800000000)
  region size 2048K, 48 young (98304K), 4 survivors (8192K)
 Metaspace       used 124362K, committed 125376K, reserved 1179648K
  class space    used 16266K, committed 16704K, reserved 1048576K
}
Event: 3238.424 GC heap after
{Heap after GC invocations=208 (full 11):
 garbage-first heap   total 274432K, used 133707K [0x0000000722400000, 0x0000000800000000)
  region size 2048K, 5 young (10240K), 5 survivors (10240K)
 Metaspace       used 124362K, committed 125376K, reserved 1179648K
  class space    used 16266K, committed 16704K, reserved 1048576K
}
Event: 3238.432 GC heap before
{Heap before GC invocations=208 (full 11):
 garbage-first heap   total 274432K, used 135755K [0x0000000722400000, 0x0000000800000000)
  region size 2048K, 6 young (12288K), 5 survivors (10240K)
 Metaspace       used 124362K, committed 125376K, reserved 1179648K
  class space    used 16266K, committed 16704K, reserved 1048576K
}
Event: 3238.435 GC heap after
{Heap after GC invocations=209 (full 11):
 garbage-first heap   total 274432K, used 134593K [0x0000000722400000, 0x0000000800000000)
  region size 2048K, 1 young (2048K), 1 survivors (2048K)
 Metaspace       used 124362K, committed 125376K, reserved 1179648K
  class space    used 16266K, committed 16704K, reserved 1048576K
}
Event: 3238.878 GC heap before
{Heap before GC invocations=209 (full 11):
 garbage-first heap   total 274432K, used 230849K [0x0000000722400000, 0x0000000800000000)
  region size 2048K, 48 young (98304K), 1 survivors (2048K)
 Metaspace       used 124474K, committed 125504K, reserved 1179648K
  class space    used 16278K, committed 16768K, reserved 1048576K
}
Event: 3238.881 GC heap after
{Heap after GC invocations=210 (full 11):
 garbage-first heap   total 274432K, used 136966K [0x0000000722400000, 0x0000000800000000)
  region size 2048K, 2 young (4096K), 2 survivors (4096K)
 Metaspace       used 124474K, committed 125504K, reserved 1179648K
  class space    used 16278K, committed 16768K, reserved 1048576K
}
Event: 3241.863 GC heap before
{Heap before GC invocations=211 (full 11):
 garbage-first heap   total 274432K, used 231174K [0x0000000722400000, 0x0000000800000000)
  region size 2048K, 48 young (98304K), 2 survivors (4096K)
 Metaspace       used 124479K, committed 125504K, reserved 1179648K
  class space    used 16276K, committed 16768K, reserved 1048576K
}
Event: 3241.868 GC heap after
{Heap after GC invocations=212 (full 11):
 garbage-first heap   total 274432K, used 139123K [0x0000000722400000, 0x0000000800000000)
  region size 2048K, 3 young (6144K), 3 survivors (6144K)
 Metaspace       used 124479K, committed 125504K, reserved 1179648K
  class space    used 16276K, committed 16768K, reserved 1048576K
}
Event: 3242.032 GC heap before
{Heap before GC invocations=212 (full 11):
 garbage-first heap   total 274432K, used 139123K [0x0000000722400000, 0x0000000800000000)
  region size 2048K, 4 young (8192K), 3 survivors (6144K)
 Metaspace       used 124481K, committed 125504K, reserved 1179648K
  class space    used 16276K, committed 16768K, reserved 1048576K
}
Event: 3242.117 GC heap after
{Heap after GC invocations=213 (full 12):
 garbage-first heap   total 274432K, used 129848K [0x0000000722400000, 0x0000000800000000)
  region size 2048K, 0 young (0K), 0 survivors (0K)
 Metaspace       used 124478K, committed 125504K, reserved 1179648K
  class space    used 16276K, committed 16768K, reserved 1048576K
}
Event: 3242.773 GC heap before
{Heap before GC invocations=213 (full 12):
 garbage-first heap   total 274432K, used 228152K [0x0000000722400000, 0x0000000800000000)
  region size 2048K, 48 young (98304K), 0 survivors (0K)
 Metaspace       used 125150K, committed 126208K, reserved 1179648K
  class space    used 16347K, committed 16832K, reserved 1048576K
}

