# JRE version: OpenJDK Runtime Environment Temurin-17.0.8.1+1 (17.0.8.1+1) (build 17.0.8.1+1)
# Java VM: OpenJDK 64-Bit Server VM Temurin-17.0.8.1+1 (17.0.8.1+1, mixed mode, emulated-client, tiered, compressed oops, compressed class ptrs, g1 gc, windows-amd64)
GC Precious Log:
 CPUs: 12 total, 12 available
 Memory: 14188M
 Large Page Support: Disabled
 NUMA Support: Disabled
 Compressed Oops: Enabled (Zero based)
 Heap Region Size: 2M
 Heap Min Capacity: 8M
 Heap Initial Capacity: 222M
 Heap Max Capacity: 3548M
 Pre-touch: Disabled
 Parallel Workers: 10
 Concurrent Workers: 3
 Concurrent Refinement Workers: 10
 Periodic GC: Disabled
Heap:
 garbage-first heap   total 528384K, used 192269K [0x0000000722400000, 0x0000000800000000)
  region size 2048K, 72 young (147456K), 13 survivors (26624K)
 Metaspace       used 113401K, committed 114304K, reserved 1179648K
  class space    used 15316K, committed 15744K, reserved 1048576K
GC Heap History (20 events):
Event: 742.324 GC heap before
{Heap before GC invocations=67 (full 5):
 garbage-first heap   total 221184K, used 176153K [0x0000000722400000, 0x0000000800000000)
  region size 2048K, 55 young (112640K), 0 survivors (0K)
 Metaspace       used 111701K, committed 112384K, reserved 1179648K
  class space    used 15136K, committed 15488K, reserved 1048576K
}
Event: 742.328 GC heap after
{Heap after GC invocations=68 (full 5):
 garbage-first heap   total 221184K, used 70402K [0x0000000722400000, 0x0000000800000000)
  region size 2048K, 4 young (8192K), 4 survivors (8192K)
 Metaspace       used 111701K, committed 112384K, reserved 1179648K
  class space    used 15136K, committed 15488K, reserved 1048576K
}
Event: 742.940 GC heap before
{Heap before GC invocations=68 (full 5):
 garbage-first heap   total 221184K, used 174850K [0x0000000722400000, 0x0000000800000000)
  region size 2048K, 55 young (112640K), 4 survivors (8192K)
 Metaspace       used 112070K, committed 112832K, reserved 1179648K
  class space    used 15172K, committed 15552K, reserved 1048576K
}
Event: 742.945 GC heap after
{Heap after GC invocations=69 (full 5):
 garbage-first heap   total 221184K, used 74286K [0x0000000722400000, 0x0000000800000000)
  region size 2048K, 6 young (12288K), 6 survivors (12288K)
 Metaspace       used 112070K, committed 112832K, reserved 1179648K
  class space    used 15172K, committed 15552K, reserved 1048576K
}
Event: 743.149 GC heap before
{Heap before GC invocations=69 (full 5):
 garbage-first heap   total 221184K, used 174638K [0x0000000722400000, 0x0000000800000000)
  region size 2048K, 55 young (112640K), 6 survivors (12288K)
 Metaspace       used 112300K, committed 113024K, reserved 1179648K
  class space    used 15185K, committed 15552K, reserved 1048576K
}
Event: 743.153 GC heap after
{Heap after GC invocations=70 (full 5):
 garbage-first heap   total 221184K, used 76341K [0x0000000722400000, 0x0000000800000000)
  region size 2048K, 4 young (8192K), 4 survivors (8192K)
 Metaspace       used 112300K, committed 113024K, reserved 1179648K
  class space    used 15185K, committed 15552K, reserved 1048576K
}
Event: 743.469 GC heap before
{Heap before GC invocations=70 (full 5):
 garbage-first heap   total 221184K, used 176693K [0x0000000722400000, 0x0000000800000000)
  region size 2048K, 53 young (108544K), 4 survivors (8192K)
 Metaspace       used 112783K, committed 113536K, reserved 1179648K
  class space    used 15218K, committed 15616K, reserved 1048576K
}
Event: 743.473 GC heap after
{Heap after GC invocations=71 (full 5):
 garbage-first heap   total 221184K, used 79133K [0x0000000722400000, 0x0000000800000000)
  region size 2048K, 5 young (10240K), 5 survivors (10240K)
 Metaspace       used 112783K, committed 113536K, reserved 1179648K
  class space    used 15218K, committed 15616K, reserved 1048576K
}
Event: 743.874 GC heap before
{Heap before GC invocations=71 (full 5):
 garbage-first heap   total 221184K, used 177437K [0x0000000722400000, 0x0000000800000000)
  region size 2048K, 53 young (108544K), 5 survivors (10240K)
 Metaspace       used 112869K, committed 113600K, reserved 1179648K
  class space    used 15226K, committed 15616K, reserved 1048576K
}
Event: 743.879 GC heap after
{Heap after GC invocations=72 (full 5):
 garbage-first heap   total 221184K, used 82695K [0x0000000722400000, 0x0000000800000000)
  region size 2048K, 5 young (10240K), 5 survivors (10240K)
 Metaspace       used 112869K, committed 113600K, reserved 1179648K
  class space    used 15226K, committed 15616K, reserved 1048576K
}
Event: 899.441 GC heap before
{Heap before GC invocations=72 (full 5):
 garbage-first heap   total 221184K, used 178951K [0x0000000722400000, 0x0000000800000000)
  region size 2048K, 52 young (106496K), 5 survivors (10240K)
 Metaspace       used 112884K, committed 113664K, reserved 1179648K
  class space    used 15228K, committed 15616K, reserved 1048576K
}
Event: 899.445 GC heap after
{Heap after GC invocations=73 (full 5):
 garbage-first heap   total 221184K, used 83172K [0x0000000722400000, 0x0000000800000000)
  region size 2048K, 4 young (8192K), 4 survivors (8192K)
 Metaspace       used 112884K, committed 113664K, reserved 1179648K
  class space    used 15228K, committed 15616K, reserved 1048576K
}
Event: 899.446 GC heap before
{Heap before GC invocations=73 (full 5):
 garbage-first heap   total 221184K, used 83172K [0x0000000722400000, 0x0000000800000000)
  region size 2048K, 5 young (10240K), 4 survivors (8192K)
 Metaspace       used 112884K, committed 113664K, reserved 1179648K
  class space    used 15228K, committed 15616K, reserved 1048576K
}
Event: 899.499 GC heap after
{Heap after GC invocations=74 (full 6):
 garbage-first heap   total 184320K, used 47425K [0x0000000722400000, 0x0000000800000000)
  region size 2048K, 0 young (0K), 0 survivors (0K)
 Metaspace       used 110921K, committed 113280K, reserved 1179648K
  class space    used 15052K, committed 15616K, reserved 1048576K
}
Event: 900.071 GC heap before
{Heap before GC invocations=74 (full 6):
 garbage-first heap   total 184320K, used 145729K [0x0000000722400000, 0x0000000800000000)
  region size 2048K, 49 young (100352K), 0 survivors (0K)
 Metaspace       used 111583K, committed 113280K, reserved 1179648K
  class space    used 15118K, committed 15616K, reserved 1048576K
}
Event: 900.076 GC heap after
{Heap after GC invocations=75 (full 6):
 garbage-first heap   total 528384K, used 55450K [0x0000000722400000, 0x0000000800000000)
  region size 2048K, 4 young (8192K), 4 survivors (8192K)
 Metaspace       used 111583K, committed 113280K, reserved 1179648K
  class space    used 15118K, committed 15616K, reserved 1048576K
}
Event: 901.235 GC heap before
{Heap before GC invocations=75 (full 6):
 garbage-first heap   total 528384K, used 362650K [0x0000000722400000, 0x0000000800000000)
  region size 2048K, 154 young (315392K), 4 survivors (8192K)
 Metaspace       used 112696K, committed 113536K, reserved 1179648K
  class space    used 15208K, committed 15616K, reserved 1048576K
}
Event: 901.244 GC heap after
{Heap after GC invocations=76 (full 6):
 garbage-first heap   total 528384K, used 65671K [0x0000000722400000, 0x0000000800000000)
  region size 2048K, 9 young (18432K), 9 survivors (18432K)
 Metaspace       used 112696K, committed 113536K, reserved 1179648K
  class space    used 15208K, committed 15616K, reserved 1048576K
}
Event: 1220.938 GC heap before
{Heap before GC invocations=76 (full 6):
 garbage-first heap   total 528384K, used 362631K [0x0000000722400000, 0x0000000800000000)
  region size 2048K, 154 young (315392K), 9 survivors (18432K)
 Metaspace       used 112992K, committed 113792K, reserved 1179648K
  class space    used 15252K, committed 15680K, reserved 1048576K
}
Event: 1220.947 GC heap after
{Heap after GC invocations=77 (full 6):
 garbage-first heap   total 528384K, used 73485K [0x0000000722400000, 0x0000000800000000)
  region size 2048K, 13 young (26624K), 13 survivors (26624K)
 Metaspace       used 112992K, committed 113792K, reserved 1179648K
  class space    used 15252K, committed 15680K, reserved 1048576K
}

