# JRE version: OpenJDK Runtime Environment Temurin-17.0.8.1+1 (17.0.8.1+1) (build 17.0.8.1+1)
# Java VM: OpenJDK 64-Bit Server VM Temurin-17.0.8.1+1 (17.0.8.1+1, mixed mode, emulated-client, tiered, compressed oops, compressed class ptrs, g1 gc, windows-amd64)
GC Precious Log:
 CPUs: 12 total, 12 available
 Memory: 14188M
 Large Page Support: Disabled
 NUMA Support: Disabled
 Compressed Oops: Enabled (Zero based)
 Heap Region Size: 2M
 Heap Min Capacity: 8M
 Heap Initial Capacity: 222M
 Heap Max Capacity: 3548M
 Pre-touch: Disabled
 Parallel Workers: 10
 Concurrent Workers: 3
 Concurrent Refinement Workers: 10
 Periodic GC: Disabled
Heap:
 garbage-first heap   total 397312K, used 204642K [0x0000000722400000, 0x0000000800000000)
  region size 2048K, 4 young (8192K), 4 survivors (8192K)
 Metaspace       used 234816K, committed 237888K, reserved 1310720K
  class space    used 25801K, committed 27264K, reserved 1048576K
GC Heap History (20 events):
Event: 61660.211 GC heap after
{Heap after GC invocations=1923 (full 162):
 garbage-first heap   total 368640K, used 187943K [0x0000000722400000, 0x0000000800000000)
  region size 2048K, 3 young (6144K), 3 survivors (6144K)
 Metaspace       used 232621K, committed 235648K, reserved 1310720K
  class space    used 25611K, committed 27008K, reserved 1048576K
}
Event: 61660.786 GC heap before
{Heap before GC invocations=1924 (full 162):
 garbage-first heap   total 368640K, used 308775K [0x0000000722400000, 0x0000000800000000)
  region size 2048K, 62 young (126976K), 3 survivors (6144K)
 Metaspace       used 232629K, committed 235648K, reserved 1310720K
  class space    used 25611K, committed 27008K, reserved 1048576K
}
Event: 61660.790 GC heap after
{Heap after GC invocations=1925 (full 162):
 garbage-first heap   total 368640K, used 192063K [0x0000000722400000, 0x0000000800000000)
  region size 2048K, 5 young (10240K), 5 survivors (10240K)
 Metaspace       used 232629K, committed 235648K, reserved 1310720K
  class space    used 25611K, committed 27008K, reserved 1048576K
}
Event: 61663.620 GC heap before
{Heap before GC invocations=1925 (full 162):
 garbage-first heap   total 368640K, used 233023K [0x0000000722400000, 0x0000000800000000)
  region size 2048K, 26 young (53248K), 5 survivors (10240K)
 Metaspace       used 232641K, committed 235648K, reserved 1310720K
  class space    used 25614K, committed 27008K, reserved 1048576K
}
Event: 61663.709 GC heap after
{Heap after GC invocations=1926 (full 163):
 garbage-first heap   total 368640K, used 184286K [0x0000000722400000, 0x0000000800000000)
  region size 2048K, 0 young (0K), 0 survivors (0K)
 Metaspace       used 232621K, committed 235648K, reserved 1310720K
  class space    used 25610K, committed 27008K, reserved 1048576K
}
Event: 61664.392 GC heap before
{Heap before GC invocations=1926 (full 163):
 garbage-first heap   total 368640K, used 303070K [0x0000000722400000, 0x0000000800000000)
  region size 2048K, 58 young (118784K), 0 survivors (0K)
 Metaspace       used 233171K, committed 236224K, reserved 1310720K
  class space    used 25663K, committed 27072K, reserved 1048576K
}
Event: 61664.395 GC heap after
{Heap after GC invocations=1927 (full 163):
 garbage-first heap   total 368640K, used 191693K [0x0000000722400000, 0x0000000800000000)
  region size 2048K, 4 young (8192K), 4 survivors (8192K)
 Metaspace       used 233171K, committed 236224K, reserved 1310720K
  class space    used 25663K, committed 27072K, reserved 1048576K
}
Event: 61665.574 GC heap before
{Heap before GC invocations=1928 (full 163):
 garbage-first heap   total 368640K, used 302285K [0x0000000722400000, 0x0000000800000000)
  region size 2048K, 58 young (118784K), 4 survivors (8192K)
 Metaspace       used 233523K, committed 236608K, reserved 1310720K
  class space    used 25696K, committed 27136K, reserved 1048576K
}
Event: 61665.578 GC heap after
{Heap after GC invocations=1929 (full 163):
 garbage-first heap   total 368640K, used 195068K [0x0000000722400000, 0x0000000800000000)
  region size 2048K, 6 young (12288K), 6 survivors (12288K)
 Metaspace       used 233523K, committed 236608K, reserved 1310720K
  class space    used 25696K, committed 27136K, reserved 1048576K
}
Event: 61665.591 GC heap before
{Heap before GC invocations=1929 (full 163):
 garbage-first heap   total 368640K, used 201212K [0x0000000722400000, 0x0000000800000000)
  region size 2048K, 9 young (18432K), 6 survivors (12288K)
 Metaspace       used 233559K, committed 236608K, reserved 1310720K
  class space    used 25699K, committed 27136K, reserved 1048576K
}
Event: 61665.594 GC heap after
{Heap after GC invocations=1930 (full 163):
 garbage-first heap   total 368640K, used 196481K [0x0000000722400000, 0x0000000800000000)
  region size 2048K, 1 young (2048K), 1 survivors (2048K)
 Metaspace       used 233559K, committed 236608K, reserved 1310720K
  class space    used 25699K, committed 27136K, reserved 1048576K
}
Event: 61665.849 GC heap before
{Heap before GC invocations=1930 (full 163):
 garbage-first heap   total 368640K, used 302977K [0x0000000722400000, 0x0000000800000000)
  region size 2048K, 53 young (108544K), 1 survivors (2048K)
 Metaspace       used 234055K, committed 237056K, reserved 1310720K
  class space    used 25730K, committed 27136K, reserved 1048576K
}
Event: 61665.852 GC heap after
{Heap after GC invocations=1931 (full 163):
 garbage-first heap   total 368640K, used 197566K [0x0000000722400000, 0x0000000800000000)
  region size 2048K, 2 young (4096K), 2 survivors (4096K)
 Metaspace       used 234055K, committed 237056K, reserved 1310720K
  class space    used 25730K, committed 27136K, reserved 1048576K
}
Event: 61666.312 GC heap before
{Heap before GC invocations=1932 (full 163):
 garbage-first heap   total 397312K, used 299966K [0x0000000722400000, 0x0000000800000000)
  region size 2048K, 52 young (106496K), 2 survivors (4096K)
 Metaspace       used 234218K, committed 237312K, reserved 1310720K
  class space    used 25740K, committed 27200K, reserved 1048576K
}
Event: 61666.316 GC heap after
{Heap after GC invocations=1933 (full 163):
 garbage-first heap   total 397312K, used 201452K [0x0000000722400000, 0x0000000800000000)
  region size 2048K, 4 young (8192K), 4 survivors (8192K)
 Metaspace       used 234218K, committed 237312K, reserved 1310720K
  class space    used 25740K, committed 27200K, reserved 1048576K
}
Event: 61666.360 GC heap before
{Heap before GC invocations=1933 (full 163):
 garbage-first heap   total 397312K, used 211692K [0x0000000722400000, 0x0000000800000000)
  region size 2048K, 9 young (18432K), 4 survivors (8192K)
 Metaspace       used 234230K, committed 237312K, reserved 1310720K
  class space    used 25741K, committed 27200K, reserved 1048576K
}
Event: 61666.363 GC heap after
{Heap after GC invocations=1934 (full 163):
 garbage-first heap   total 397312K, used 201808K [0x0000000722400000, 0x0000000800000000)
  region size 2048K, 1 young (2048K), 1 survivors (2048K)
 Metaspace       used 234230K, committed 237312K, reserved 1310720K
  class space    used 25741K, committed 27200K, reserved 1048576K
}
Event: 61669.421 GC heap before
{Heap before GC invocations=1934 (full 163):
 garbage-first heap   total 397312K, used 298064K [0x0000000722400000, 0x0000000800000000)
  region size 2048K, 50 young (102400K), 1 survivors (2048K)
 Metaspace       used 234233K, committed 237312K, reserved 1310720K
  class space    used 25742K, committed 27200K, reserved 1048576K
}
Event: 61669.512 GC heap after
{Heap after GC invocations=1935 (full 164):
 garbage-first heap   total 397312K, used 196719K [0x0000000722400000, 0x0000000800000000)
  region size 2048K, 0 young (0K), 0 survivors (0K)
 Metaspace       used 234204K, committed 237312K, reserved 1310720K
  class space    used 25737K, committed 27200K, reserved 1048576K
}
Event: 61670.417 GC heap before
{Heap before GC invocations=1935 (full 164):
 garbage-first heap   total 397312K, used 331887K [0x0000000722400000, 0x0000000800000000)
  region size 2048K, 66 young (135168K), 0 survivors (0K)
 Metaspace       used 234816K, committed 237888K, reserved 1310720K
  class space    used 25801K, committed 27264K, reserved 1048576K
}

